<?xml version="1.0" encoding="UTF-8"?>
<!-- Generated by org.testng.reporters.JUnitXMLReporter -->
<testsuite ignored="0" hostname="DESKTOP-BL08O2D" failures="0" tests="1" name="Default test" time="16.973" errors="0" timestamp="2025-01-24T12:01:25 IST">
  <testcase classname="com.tp.VendorModuleTest.CreateNewVendor" name="createVendorTest" time="0.021"/>
<testsuite ignored="0" hostname="Sanjeev" failures="0" tests="1" name="Default test" time="9.193" errors="0" timestamp="2025-01-24T11:56:37 IST">
  <testcase classname="tp_008.Oppurtunity" name="createOpp" time="3.409"/>
</testsuite> <!-- Default test -->
