<?xml version="1.0" encoding="UTF-8"?>
<testng-results ignored="0" total="1" passed="1" failed="0" skipped="0">
  <reporter-output>
    <line>
      <![CDATA[=====connected to DB=======]]>
    </line>
    <line>
      <![CDATA[====CHROME IS LAUNCHED SUCCESSFULLY====]]>
    </line>
    <line>
      <![CDATA[======Login is Successfull=====]]>
    </line>
    <line>
      <![CDATA[=====Logout is Successfull=====]]>
    </line>
    <line>
      <![CDATA[=====BROWSER IS CLOSED======]]>
    </line>
    <line>
      <![CDATA[=====database is closed=====]]>
    </line>
  </reporter-output>
  <suite started-at="2025-01-24T11:56:28 IST" name="Default suite" finished-at="2025-01-24T11:56:37 IST" duration-ms="9193">
    <groups>
    </groups>
    <test started-at="2025-01-24T11:56:28 IST" name="Default test" finished-at="2025-01-24T11:56:37 IST" duration-ms="9193">
      <class name="tp_008.Oppurtunity">
        <test-method is-config="true" signature="connectToDB()[pri:0, instance:tp_008.Oppurtunity@327514f]" started-at="2025-01-24T11:56:23 IST" name="connectToDB" finished-at="2025-01-24T11:56:28 IST" duration-ms="4948" status="PASS">
          <reporter-output>
            <line>
              <![CDATA[=====connected to DB=======]]>
            </line>
          </reporter-output>
        </test-method> <!-- connectToDB -->
        <test-method is-config="true" signature="launchBrowser(java.lang.String)[pri:0, instance:tp_008.Oppurtunity@327514f]" started-at="2025-01-24T11:56:28 IST" name="launchBrowser" finished-at="2025-01-24T11:56:31 IST" duration-ms="2521" status="PASS">
          <params>
            <param index="0">
              <value>
                <![CDATA[chrome]]>
              </value>
            </param>
          </params>
          <reporter-output>
            <line>
              <![CDATA[====CHROME IS LAUNCHED SUCCESSFULLY====]]>
            </line>
          </reporter-output>
        </test-method> <!-- launchBrowser -->
        <test-method is-config="true" signature="login()[pri:0, instance:tp_008.Oppurtunity@327514f]" started-at="2025-01-24T11:56:31 IST" name="login" finished-at="2025-01-24T11:56:33 IST" duration-ms="1822" status="PASS">
          <reporter-output>
            <line>
              <![CDATA[======Login is Successfull=====]]>
            </line>
          </reporter-output>
        </test-method> <!-- login -->
        <test-method signature="createOpp()[pri:0, instance:tp_008.Oppurtunity@327514f]" started-at="2025-01-24T11:56:33 IST" name="createOpp" finished-at="2025-01-24T11:56:36 IST" duration-ms="3409" status="PASS">
          <reporter-output>
          </reporter-output>
        </test-method> <!-- createOpp -->
        <test-method is-config="true" signature="logout()[pri:0, instance:tp_008.Oppurtunity@327514f]" started-at="2025-01-24T11:56:36 IST" name="logout" finished-at="2025-01-24T11:56:37 IST" duration-ms="1229" status="PASS">
          <reporter-output>
            <line>
              <![CDATA[=====Logout is Successfull=====]]>
            </line>
          </reporter-output>
        </test-method> <!-- logout -->
        <test-method is-config="true" signature="closeBrowser()[pri:0, instance:tp_008.Oppurtunity@327514f]" started-at="2025-01-24T11:56:37 IST" name="closeBrowser" finished-at="2025-01-24T11:56:37 IST" duration-ms="186" status="PASS">
          <reporter-output>
            <line>
              <![CDATA[=====BROWSER IS CLOSED======]]>
            </line>
          </reporter-output>
        </test-method> <!-- closeBrowser -->
        <test-method is-config="true" signature="closeDB()[pri:0, instance:tp_008.Oppurtunity@327514f]" started-at="2025-01-24T11:56:37 IST" name="closeDB" finished-at="2025-01-24T11:56:37 IST" duration-ms="0" status="PASS">
          <reporter-output>
            <line>
              <![CDATA[=====database is closed=====]]>
            </line>
          </reporter-output>
        </test-method> <!-- closeDB -->
      </class> <!-- tp_008.Oppurtunity -->
    </test> <!-- Default test -->
  </suite> <!-- Default suite -->
</testng-results>
