<?xml version="1.0" encoding="UTF-8"?>
<testng-results ignored="0" total="1" passed="1" failed="0" skipped="0">
  <reporter-output>
    <line>
      <![CDATA[=====connected to DB=======]]>
    </line>
    <line>
      <![CDATA[====CHROME IS LAUNCHED SUCCESSFULLY====]]>
    </line>
    <line>
      <![CDATA[======Login is Successfull=====]]>
    </line>
    <line>
      <![CDATA[=====Logout is Successfull=====]]>
    </line>
    <line>
      <![CDATA[=====BROWSER IS CLOSED======]]>
    </line>
    <line>
      <![CDATA[=====database is closed=====]]>
    </line>
  </reporter-output>
  <suite started-at="2025-01-24T12:01:08 IST" name="Default suite" finished-at="2025-01-24T12:01:24 IST" duration-ms="16973">
    <groups>
    </groups>
    <test started-at="2025-01-24T12:01:08 IST" name="Default test" finished-at="2025-01-24T12:01:24 IST" duration-ms="16973">
      <class name="com.tp.VendorModuleTest.CreateNewVendor">
        <test-method is-config="true" signature="connectToDB()[pri:0, instance:com.tp.VendorModuleTest.CreateNewVendor@17fc391b]" started-at="2025-01-24T12:01:03 IST" name="connectToDB" finished-at="2025-01-24T12:01:08 IST" duration-ms="4391" status="PASS">
          <reporter-output>
            <line>
              <![CDATA[=====connected to DB=======]]>
            </line>
          </reporter-output>
        </test-method> <!-- connectToDB -->
        <test-method is-config="true" signature="launchBrowser(java.lang.String)[pri:0, instance:com.tp.VendorModuleTest.CreateNewVendor@17fc391b]" started-at="2025-01-24T12:01:08 IST" name="launchBrowser" finished-at="2025-01-24T12:01:16 IST" duration-ms="8514" status="PASS">
          <params>
            <param index="0">
              <value>
                <![CDATA[chrome]]>
              </value>
            </param>
          </params>
          <reporter-output>
            <line>
              <![CDATA[====CHROME IS LAUNCHED SUCCESSFULLY====]]>
            </line>
          </reporter-output>
        </test-method> <!-- launchBrowser -->
        <test-method is-config="true" signature="login()[pri:0, instance:com.tp.VendorModuleTest.CreateNewVendor@17fc391b]" started-at="2025-01-24T12:01:16 IST" name="login" finished-at="2025-01-24T12:01:20 IST" duration-ms="3815" status="PASS">
          <reporter-output>
            <line>
              <![CDATA[======Login is Successfull=====]]>
            </line>
          </reporter-output>
        </test-method> <!-- login -->
        <test-method signature="createVendorTest()[pri:0, instance:com.tp.VendorModuleTest.CreateNewVendor@17fc391b]" started-at="2025-01-24T12:01:20 IST" name="createVendorTest" finished-at="2025-01-24T12:01:20 IST" duration-ms="21" status="PASS">
          <reporter-output>
          </reporter-output>
        </test-method> <!-- createVendorTest -->
        <test-method is-config="true" signature="logout()[pri:0, instance:com.tp.VendorModuleTest.CreateNewVendor@17fc391b]" started-at="2025-01-24T12:01:20 IST" name="logout" finished-at="2025-01-24T12:01:24 IST" duration-ms="4167" status="PASS">
          <reporter-output>
            <line>
              <![CDATA[=====Logout is Successfull=====]]>
            </line>
          </reporter-output>
        </test-method> <!-- logout -->
        <test-method is-config="true" signature="closeBrowser()[pri:0, instance:com.tp.VendorModuleTest.CreateNewVendor@17fc391b]" started-at="2025-01-24T12:01:24 IST" name="closeBrowser" finished-at="2025-01-24T12:01:24 IST" duration-ms="356" status="PASS">
          <reporter-output>
            <line>
              <![CDATA[=====BROWSER IS CLOSED======]]>
            </line>
          </reporter-output>
        </test-method> <!-- closeBrowser -->
        <test-method is-config="true" signature="closeDB()[pri:0, instance:com.tp.VendorModuleTest.CreateNewVendor@17fc391b]" started-at="2025-01-24T12:01:25 IST" name="closeDB" finished-at="2025-01-24T12:01:25 IST" duration-ms="1" status="PASS">
          <reporter-output>
            <line>
              <![CDATA[=====database is closed=====]]>
            </line>
          </reporter-output>
        </test-method> <!-- closeDB -->
      </class> <!-- com.tp.VendorModuleTest.CreateNewVendor -->
    </test> <!-- Default test -->
  </suite> <!-- Default suite -->
</testng-results>
